<?xml version="1.0" encoding="UTF-8"?>
<!-- Generated by org.testng.reporters.JUnitReportReporter -->
<testsuite hostname="Rakesh-PC" failures="0" tests="7" name="pack1.data_provider" time="26.216" errors="0" timestamp="2020-08-13T15:22:03 IST" skipped="0">
  <testcase classname="pack1.data_provider" name="b" time="4.396"/>
  <system-out/>
  <testcase classname="pack1.data_provider" name="c" time="0.367"/>
  <system-out/>
  <testcase classname="pack1.data_provider" name="d" time="0.001"/>
  <system-out/>
  <testcase classname="pack1.data_provider" name="c" time="1.963"/>
  <system-out/>
  <testcase classname="pack1.data_provider" name="c" time="0.785"/>
  <system-out/>
  <testcase classname="pack1.data_provider" name="e" time="0.001"/>
  <system-out/>
  <testcase classname="pack1.data_provider" name="a" time="18.703"/>
  <system-out/>
</testsuite> <!-- pack1.data_provider -->
