<?xml version="1.0" encoding="UTF-8"?>
<!-- Generated by org.testng.reporters.JUnitReportReporter -->
<testsuite hostname="Rakesh-PC" failures="0" tests="2" name="testng_practice.practice3" time="0.041" errors="0" timestamp="2020-08-10T14:30:54 IST" skipped="0">
  <testcase classname="testng_practice.practice3" name="test1" time="0.034"/>
  <system-out/>
  <testcase classname="testng_practice.practice3" name="test2" time="0.007"/>
  <system-out/>
</testsuite> <!-- testng_practice.practice3 -->
