<?xml version="1.0" encoding="UTF-8"?>
<!-- Generated by org.testng.reporters.JUnitReportReporter -->
<testsuite hostname="Rakesh-PC" failures="0" tests="2" name="auto_labs.facebook_login" time="16.291" errors="0" timestamp="2020-08-10T23:02:50 IST" skipped="0">
  <testcase classname="auto_labs.facebook_login" name="title_test" time="7.289"/>
  <system-out/>
  <testcase classname="auto_labs.facebook_login" name="login_test" time="9.002"/>
  <system-out/>
</testsuite> <!-- auto_labs.facebook_login -->
