<?xml version="1.0" encoding="UTF-8"?>
<!-- Generated by org.testng.reporters.JUnitReportReporter -->
<testsuite hostname="Rakesh-PC" failures="0" tests="1" name="pack1.ebay" time="0.003" errors="0" timestamp="2020-08-11T17:23:49 IST" skipped="0">
  <testcase classname="pack1.ebay" name="add_to_cart" time="0.003"/>
  <system-out/>
</testsuite> <!-- pack1.ebay -->
