<?xml version="1.0" encoding="UTF-8"?>
<!-- Generated by org.testng.reporters.JUnitReportReporter -->
<testsuite hostname="Rakesh-PC" failures="0" tests="4" name="pack1.depend_feature" time="0.036" errors="0" timestamp="2020-08-12T16:34:12 IST" skipped="0">
  <testcase classname="pack1.depend_feature" name="balance_check" time="0.002"/>
  <system-out/>
  <testcase classname="pack1.depend_feature" name="title" time="0.017"/>
  <system-out/>
  <testcase classname="pack1.depend_feature" name="mini_statement" time="0.002"/>
  <system-out/>
  <testcase classname="pack1.depend_feature" name="login1" time="0.015"/>
  <system-out/>
</testsuite> <!-- pack1.depend_feature -->
