<?xml version="1.0" encoding="UTF-8"?>
<!-- Generated by org.testng.reporters.JUnitReportReporter -->
<testsuite hostname="Rakesh-PC" failures="0" tests="1" name="pack1.Test1" time="0.014" errors="0" timestamp="2020-08-11T16:25:44 IST" skipped="0">
  <testcase classname="pack1.Test1" name="twitter_login" time="0.014"/>
  <system-out/>
</testsuite> <!-- pack1.Test1 -->
