<?xml version="1.0" encoding="UTF-8"?>
<!-- Generated by org.testng.reporters.JUnitReportReporter -->
<testsuite hostname="Rakesh-PC" failures="0" tests="1" name="auto_labs.facebook_logo" time="0.003" errors="0" timestamp="2020-08-10T22:20:11 IST" skipped="0">
  <testcase classname="auto_labs.facebook_logo" name="logo123" time="0.003"/>
  <system-out/>
</testsuite> <!-- auto_labs.facebook_logo -->
