<?xml version="1.0" encoding="UTF-8"?>
<!-- Generated by org.testng.reporters.JUnitReportReporter -->
<testsuite hostname="Rakesh-PC" failures="0" tests="1" name="NewTest" time="0.015" errors="0" timestamp="2020-08-07T15:50:48 IST" skipped="0">
  <testcase classname="NewTest" name="f" time="0.015"/>
  <system-out/>
</testsuite> <!-- NewTest -->
