<?xml version="1.0" encoding="UTF-8"?>
<!-- Generated by org.testng.reporters.JUnitReportReporter -->
<testsuite hostname="Rakesh-PC" failures="0" tests="2" name="testng_practice.testng11" time="29.890" errors="0" timestamp="2020-08-10T15:09:31 IST" skipped="0">
  <testcase classname="testng_practice.testng11" name="facebook" time="13.530"/>
  <system-out/>
  <testcase classname="testng_practice.testng11" name="google" time="16.360"/>
  <system-out/>
</testsuite> <!-- testng_practice.testng11 -->
