<?xml version="1.0" encoding="UTF-8"?>
<!-- Generated by org.testng.reporters.JUnitReportReporter -->
<testsuite hostname="Rakesh-PC" failures="0" tests="3" name="pack1.enabled" time="0.023" errors="0" timestamp="2020-08-12T15:34:45 IST" skipped="1">
  <testcase classname="pack1.enabled" name="C" time="0.021"/>
  <system-out/>
  <testcase classname="pack1.enabled" name="balance_check" time="0.002"/>
  <system-out/>
  <testcase classname="pack1.enabled" name="B">
    <skipped/>
  </testcase> <!-- B -->
  <system-out/>
</testsuite> <!-- pack1.enabled -->
