<?xml version="1.0" encoding="UTF-8"?>
<!-- Generated by org.testng.reporters.JUnitReportReporter -->
<testsuite hostname="Rakesh-PC" failures="0" tests="2" name="pack1.parallel_demo" time="15.822" errors="0" timestamp="2020-08-17T16:19:29 IST" skipped="0">
  <testcase classname="pack1.parallel_demo" name="test2" time="9.233"/>
  <system-out/>
  <testcase classname="pack1.parallel_demo" name="test1" time="6.589"/>
  <system-out/>
</testsuite> <!-- pack1.parallel_demo -->
