<?xml version="1.0" encoding="UTF-8"?>
<!-- Generated by org.testng.reporters.JUnitReportReporter -->
<testsuite hostname="Rakesh-PC" failures="0" tests="3" name="pack1.optional_parameter_passing" time="8.853" errors="0" timestamp="2020-08-17T16:07:46 IST" skipped="0">
  <testcase classname="pack1.optional_parameter_passing" name="geturl" time="4.789"/>
  <system-out/>
  <testcase classname="pack1.optional_parameter_passing" name="openbrowser" time="3.537"/>
  <system-out/>
  <testcase classname="pack1.optional_parameter_passing" name="login" time="0.527"/>
  <system-out/>
</testsuite> <!-- pack1.optional_parameter_passing -->
