<?xml version="1.0" encoding="UTF-8"?>
<!-- Generated by org.testng.reporters.JUnitReportReporter -->
<testsuite hostname="Rakesh-PC" failures="0" tests="5" name="testng_practice.practice" time="0.014" errors="0" timestamp="2020-08-17T16:05:48 IST" skipped="0">
  <testcase classname="testng_practice.practice" name="test0" time="0.003"/>
  <system-out/>
  <testcase classname="testng_practice.practice" name="test2" time="0.003"/>
  <system-out/>
  <testcase classname="testng_practice.practice" name="test3" time="0.004"/>
  <system-out/>
  <testcase classname="testng_practice.practice" name="test4" time="0.002"/>
  <system-out/>
  <testcase classname="testng_practice.practice" name="test1" time="0.002"/>
  <system-out/>
</testsuite> <!-- testng_practice.practice -->
