<?xml version="1.0" encoding="UTF-8"?>
<!-- Generated by org.testng.reporters.JUnitReportReporter -->
<testsuite hostname="Rakesh-PC" failures="0" tests="3" name="pack1.Test2" time="0.013" errors="0" timestamp="2020-08-12T15:29:08 IST" skipped="0">
  <testcase classname="pack1.Test2" name="web_login2" time="0.005"/>
  <system-out/>
  <testcase classname="pack1.Test2" name="web_login1" time="0.004"/>
  <system-out/>
  <testcase classname="pack1.Test2" name="web_login3" time="0.004"/>
  <system-out/>
</testsuite> <!-- pack1.Test2 -->
