<?xml version="1.0" encoding="UTF-8"?>
<!-- Generated by org.testng.reporters.JUnitReportReporter -->
<testsuite hostname="Rakesh-PC" failures="0" tests="4" name="pack1.bank" time="0.023" errors="0" timestamp="2020-08-12T15:29:08 IST" skipped="0">
  <testcase classname="pack1.bank" name="B" time="0.003"/>
  <system-out/>
  <testcase classname="pack1.bank" name="balance_check" time="0.011"/>
  <system-out/>
  <testcase classname="pack1.bank" name="mini_statement" time="0.005"/>
  <system-out/>
  <testcase classname="pack1.bank" name="A" time="0.004"/>
  <system-out/>
</testsuite> <!-- pack1.bank -->
