<?xml version="1.0" encoding="UTF-8"?>
<!-- Generated by org.testng.reporters.JUnitReportReporter -->
<testsuite hostname="Rakesh-PC" failures="0" tests="2" name="testng_practice.practice4" time="0.018" errors="0" timestamp="2020-08-11T17:23:49 IST" skipped="0">
  <testcase classname="testng_practice.practice4" name="data" time="0.016"/>
  <system-out/>
  <testcase classname="testng_practice.practice4" name="radio" time="0.002"/>
  <system-out/>
</testsuite> <!-- testng_practice.practice4 -->
