<?xml version="1.0" encoding="UTF-8"?>
<!-- Generated by org.testng.reporters.JUnitReportReporter -->
<testsuite hostname="Rakesh-PC" failures="0" tests="3" name="pack1.depends_On_feature" time="6.105" errors="0" timestamp="2020-08-12T15:22:41 IST" skipped="0">
  <testcase classname="pack1.depends_On_feature" name="title" time="0.023"/>
  <system-out/>
  <testcase classname="pack1.depends_On_feature" name="openbrowser" time="3.914"/>
  <system-out/>
  <testcase classname="pack1.depends_On_feature" name="geturl" time="2.168"/>
  <system-out/>
</testsuite> <!-- pack1.depends_On_feature -->
