<?xml version="1.0" encoding="UTF-8"?>
<!-- Generated by org.testng.reporters.JUnitReportReporter -->
<testsuite hostname="Rakesh-PC" failures="0" tests="1" name="pack1.Test3" time="0.002" errors="0" timestamp="2020-08-12T15:29:08 IST" skipped="0">
  <testcase classname="pack1.Test3" name="mobile" time="0.002"/>
  <system-out/>
</testsuite> <!-- pack1.Test3 -->
